2022-05-17 04:05:41 INFO  ConveyorController:31 - Got LoanApplicationRequestDTO 
2022-05-17 04:05:41 INFO  ConveyorController:38 - Bad request 
2022-05-17 04:06:23 INFO  ConveyorController:31 - Got LoanApplicationRequestDTO 
2022-05-17 04:06:23 INFO  ConveyorController:38 - Bad request 
2022-05-17 04:07:10 INFO  ConveyorController:31 - Got LoanApplicationRequestDTO 
2022-05-17 04:07:10 INFO  ConveyorController:38 - Bad request 
2022-05-17 04:08:01 INFO  ConveyorController:32 - Got LoanApplicationRequestDTO 
2022-05-17 04:08:01 INFO  ConveyorController:39 - Bad request 
2022-05-17 04:09:40 INFO  ConveyorController:32 - Got LoanApplicationRequestDTO 
2022-05-17 04:09:40 INFO  ConveyorController:39 - Bad request 
2022-05-17 04:11:35 INFO  ConveyorController:32 - Got LoanApplicationRequestDTO 
2022-05-17 04:11:35 INFO  ConveyorController:39 - Bad request 
2022-05-17 04:11:35 INFO  ConveyorController:47 - Sended LoanOfferDTO 
2022-05-18 04:02:35 INFO  ConveyorController:35 - Got LoanApplicationRequestDTO 
2022-05-18 04:02:35 INFO  ConveyorController:45 - Bad request 
2022-05-18 04:02:36 INFO  ConveyorController:35 - Got LoanApplicationRequestDTO 
2022-05-18 04:02:36 INFO  ConveyorController:45 - Bad request 
2022-05-18 04:03:48 INFO  ConveyorController:35 - Got LoanApplicationRequestDTO 
2022-05-18 04:08:33 INFO  ConveyorController:35 - Got LoanApplicationRequestDTO 
2022-05-18 04:11:32 INFO  ConveyorController:36 - Got LoanApplicationRequestDTO 
2022-05-18 04:11:32 INFO  ConveyorController:66 - Sended LoanOfferDTO 
2022-05-18 04:13:26 INFO  ConveyorController:36 - Got LoanApplicationRequestDTO 
2022-05-18 04:13:26 INFO  ConveyorController:66 - Sended LoanOfferDTO 
2022-05-18 06:20:05 INFO  ConveyorController:83 - Got ScoringDataDTO
2022-05-18 06:20:05 INFO  CalculationCredit:57 - DECLINED :TOO OLD OR TOO YOUNG
2022-05-18 06:20:05 INFO  CalculationCredit:57 - DECLINED :TOO OLD OR TOO YOUNG
2022-05-18 06:22:22 INFO  ConveyorController:83 - Got ScoringDataDTO
2022-05-18 06:22:22 INFO  CalculationCredit:57 - DECLINED :TOO OLD OR TOO YOUNG
2022-05-18 06:22:22 INFO  CalculationCredit:57 - DECLINED :TOO OLD OR TOO YOUNG
2022-05-18 06:22:22 INFO  ConveyorController:106 - Sended CreditDTO
2022-05-19 00:34:55 INFO  ConveyorController:79 - Got ScoringDataDTOtest test amount:20000 birthday :1992-05-19 term :5dependent amount0gender :MALE marital statusMARRIED
2022-05-19 00:34:56 INFO  ConveyorController:79 - Got ScoringDataDTOtest test amount:20000 birthday :1992-05-19 term :5dependent amount0gender :MALE marital statusMARRIED
2022-05-19 00:53:08 INFO  ConveyorController:79 - Got ScoringDataDTOtest test amount:20000 birthday :1992-05-19 term :5dependent amount0gender :MALE marital statusMARRIED
2022-05-19 00:54:51 INFO  ConveyorController:79 - Got ScoringDataDTOtest test amount:20000 birthday :1992-05-19 term :5dependent amount0gender :MALE marital statusMARRIED
2022-05-19 00:56:43 INFO  ConveyorController:79 - Got ScoringDataDTOtest test amount:20000 birthday :1992-05-19 term :5dependent amount0gender :MALE marital statusMARRIED
2022-05-19 01:01:01 INFO  ConveyorController:79 - Got ScoringDataDTOtest test amount:20000 birthday :1992-05-19 term :5dependent amount0gender :MALE marital statusMARRIED
2022-05-19 01:10:07 INFO  ConveyorController:79 - Got ScoringDataDTOtest test amount:20000 birthday :1992-05-19 term :5dependent amount0gender :MALE marital statusMARRIED
2022-05-19 01:11:15 INFO  ConveyorController:79 - Got ScoringDataDTOtest test amount:20000 birthday :1992-05-19 term :5dependent amount0gender :MALE marital statusMARRIED
2022-05-19 01:13:28 INFO  ConveyorController:79 - Got ScoringDataDTOtest test amount:20000 birthday :1992-05-19 term :5dependent amount0gender :MALE marital statusMARRIED
2022-05-19 01:14:03 INFO  ConveyorController:79 - Got ScoringDataDTOtest test amount:20000 birthday :1992-05-19 term :5dependent amount0gender :MALE marital statusMARRIED
2022-05-19 01:17:01 INFO  ConveyorController:79 - Got ScoringDataDTOtest test amount:20000 birthday :1992-05-19 term :5dependent amount0gender :MALE marital statusMARRIED
2022-05-19 01:17:01 INFO  ConveyorController:105 - Sended CreditDTO rate :0.08 psk :0E+54 amount: 20000montly payment:5009.129091340000
2022-05-19 01:18:18 INFO  ConveyorController:79 - Got ScoringDataDTOtest test amount:100000 birthday :1992-05-19 term :5dependent amount0gender :MALE marital statusMARRIED
2022-05-19 01:18:18 INFO  ConveyorController:105 - Sended CreditDTO rate :0.08 psk :0E+54 amount: 100000montly payment:25045.645456700000
2022-05-19 01:24:21 INFO  ConveyorController:79 - Got ScoringDataDTOtest test amount:100000 birthday :1992-05-19 term :5dependent amount0gender :MALE marital statusMARRIED
2022-05-19 01:24:21 INFO  ConveyorController:105 - Sended CreditDTO rate :0.08 psk :0E+54 amount: 100000montly payment:25045.645456700000
2022-05-19 01:31:57 INFO  ConveyorController:79 - Got ScoringDataDTOtest test amount:100000 birthday :1992-05-19 term :5dependent amount0gender :MALE marital statusMARRIED
2022-05-19 01:31:57 INFO  ConveyorController:109 - Sended CreditDTO rate :0.08 psk :0E+54 amount: 100000montly payment:25045.645456700000
2022-05-19 01:36:00 INFO  ConveyorController:79 - Got ScoringDataDTOtest test amount:100000 birthday :1992-05-19 term :5dependent amount0gender :MALE marital statusMARRIED
2022-05-19 01:36:00 INFO  ConveyorController:109 - Sended CreditDTO rate :0.08 psk :0E+54 amount: 100000montly payment:25045.645456700000
2022-05-19 01:54:08 INFO  ConveyorController:79 - Got ScoringDataDTOtest test amount:100000 birthday :1992-05-19 term :5dependent amount0gender :MALE marital statusMARRIED
2022-05-19 01:54:08 INFO  ConveyorController:109 - Sended CreditDTO rate :0.08 psk :0E+54 amount: 100000montly payment:25045.645456700000
2022-05-19 01:54:09 INFO  ConveyorController:39 - Got LoanApplicationRequestDTO test test testamount: 100000 passport: 1234 123456birthday:null
2022-05-19 01:56:52 INFO  ConveyorController:79 - Got ScoringDataDTOtest test amount:100000 birthday :1992-05-19 term :5dependent amount0gender :MALE marital statusMARRIED
2022-05-19 01:56:52 INFO  ConveyorController:109 - Sended CreditDTO rate :0.08 psk :0E+54 amount: 100000montly payment:25045.645456700000
2022-05-19 01:56:52 INFO  ConveyorController:39 - Got LoanApplicationRequestDTO test test testamount: 100000 passport: 1234 123456birthday:2022-05-19
2022-05-19 01:56:52 ERROR ConveyorController:50 - Bad request.ERROR 400 
2022-05-19 01:57:53 INFO  ConveyorController:79 - Got ScoringDataDTOtest test amount:100000 birthday :1992-05-19 term :5dependent amount0gender :MALE marital statusMARRIED
2022-05-19 01:57:53 INFO  ConveyorController:109 - Sended CreditDTO rate :0.08 psk :0E+54 amount: 100000montly payment:25045.645456700000
2022-05-19 01:57:53 INFO  ConveyorController:39 - Got LoanApplicationRequestDTO test test testamount: 100000 passport: 1234 123456birthday:2022-05-19
2022-05-19 02:01:21 INFO  ConveyorController:78 - Got ScoringDataDTOtest test amount:100000 birthday :1992-05-19 term :5dependent amount0gender :MALE marital statusMARRIED
2022-05-19 02:01:21 INFO  ConveyorController:108 - Sended CreditDTO rate :0.08 psk :0E+54 amount: 100000montly payment:25045.645456700000
2022-05-19 02:01:21 INFO  ConveyorController:38 - Got LoanApplicationRequestDTO test test testamount: 100000 passport: 1234 123456birthday:2022-05-19
2022-05-19 02:01:21 INFO  ConveyorController:71 - Sended LoanOfferDTO [LoanOfferDTO(applicationID=null, requestedAmount=101000, term=5, monthlyPayment=20200, rate=-0.91999999999999999833466546306226518936455249786376953125, isInsuranceEnabled=true, isSalaryClient=false), LoanOfferDTO(applicationID=null, requestedAmount=99000, term=5, monthlyPayment=20200, rate=1.08000000000000000166533453693773481063544750213623046875, isInsuranceEnabled=false, isSalaryClient=false), LoanOfferDTO(applicationID=null, requestedAmount=99000, term=5, monthlyPayment=20200, rate=1.08000000000000000166533453693773481063544750213623046875, isInsuranceEnabled=false, isSalaryClient=true), LoanOfferDTO(applicationID=null, requestedAmount=101000, term=5, monthlyPayment=20200, rate=-0.91999999999999999833466546306226518936455249786376953125, isInsuranceEnabled=true, isSalaryClient=true)]
2022-05-19 02:02:48 INFO  ConveyorController:78 - Got ScoringDataDTOtest test amount:100000 birthday :1992-05-19 term :5dependent amount0gender :MALE marital statusMARRIED
2022-05-19 02:02:48 INFO  ConveyorController:108 - Sended CreditDTO rate :0.08 psk :0E+54 amount: 100000montly payment:25045.645456700000
2022-05-19 02:02:48 INFO  ConveyorController:38 - Got LoanApplicationRequestDTO test test testamount: 100000 passport: 1234 123456birthday:2022-05-19
2022-05-19 02:02:48 INFO  ConveyorController:71 - Sended LoanOfferDTO [LoanOfferDTO(applicationID=null, requestedAmount=101000, term=5, monthlyPayment=20200, rate=-0.91999999999999999833466546306226518936455249786376953125, isInsuranceEnabled=true, isSalaryClient=false), LoanOfferDTO(applicationID=null, requestedAmount=99000, term=5, monthlyPayment=20200, rate=1.08000000000000000166533453693773481063544750213623046875, isInsuranceEnabled=false, isSalaryClient=false), LoanOfferDTO(applicationID=null, requestedAmount=99000, term=5, monthlyPayment=20200, rate=1.08000000000000000166533453693773481063544750213623046875, isInsuranceEnabled=false, isSalaryClient=true), LoanOfferDTO(applicationID=null, requestedAmount=101000, term=5, monthlyPayment=20200, rate=-0.91999999999999999833466546306226518936455249786376953125, isInsuranceEnabled=true, isSalaryClient=true)]
2022-05-19 02:04:53 INFO  ConveyorController:78 - Got ScoringDataDTOtest test amount:100000 birthday :1992-05-19 term :5dependent amount0gender :MALE marital statusMARRIED
2022-05-19 02:04:53 INFO  ConveyorController:108 - Sended CreditDTO rate :0.08 psk :0E+54 amount: 100000montly payment:25045.645456700000
2022-05-19 02:04:53 INFO  ConveyorController:38 - Got LoanApplicationRequestDTO test test testamount: 100000 passport: 1234 123456birthday:2022-05-19
2022-05-19 02:04:53 INFO  ConveyorController:71 - Sended LoanOfferDTO [LoanOfferDTO(applicationID=null, requestedAmount=101000, term=5, monthlyPayment=20200, rate=0.07000000000000000166533453693773481063544750213623046875, isInsuranceEnabled=true, isSalaryClient=false), LoanOfferDTO(applicationID=null, requestedAmount=99000, term=5, monthlyPayment=20200, rate=0.09000000000000000166533453693773481063544750213623046875, isInsuranceEnabled=false, isSalaryClient=false), LoanOfferDTO(applicationID=null, requestedAmount=99000, term=5, monthlyPayment=20200, rate=0.09000000000000000166533453693773481063544750213623046875, isInsuranceEnabled=false, isSalaryClient=true), LoanOfferDTO(applicationID=null, requestedAmount=101000, term=5, monthlyPayment=20200, rate=0.07000000000000000166533453693773481063544750213623046875, isInsuranceEnabled=true, isSalaryClient=true)]
2022-05-19 02:13:08 INFO  ConveyorController:78 - Got ScoringDataDTOtest test amount:100000 birthday :1992-05-19 term :5dependent amount0gender :MALE marital statusMARRIED
2022-05-19 02:13:08 INFO  ConveyorController:108 - Sended CreditDTO rate :0.08 psk :0E+54 amount: 100000montly payment:25045.645456700000
2022-05-19 02:13:08 INFO  ConveyorController:38 - Got LoanApplicationRequestDTO test test testamount: 100000 passport: 1234 123456birthday:2022-05-19
2022-05-19 02:13:08 INFO  ConveyorController:71 - Sended LoanOfferDTO [LoanOfferDTO(applicationID=null, requestedAmount=100000, term=5, monthlyPayment=24389.069444137406720078919875476096006380510726236665024186752748255595304451558708371807592974917979569814903437832783997597391980469765298316919469215421831141575992215583779928221200010449720913996553935102144449590149331868618482263220730948517036519184688450508588007948110705839180729697484118532168193557214215839033786170461368800000, rate=0.07000000000000000166533453693773481063544750213623046875, isInsuranceEnabled=true, isSalaryClient=false), LoanOfferDTO(applicationID=null, requestedAmount=100000, term=5, monthlyPayment=25709.245695674498230222690230499280019203447125194728116336191635727939504884938151487136284878899994333435182376134808132432256039788423046697858296981513646224164487444604370082716754705590839236424272969641316100830282508588318933839514100106571260824242615583798323497068861772596294318026128188176453470093237954140343933665041471500000, rate=0.09000000000000000166533453693773481063544750213623046875, isInsuranceEnabled=false, isSalaryClient=false), LoanOfferDTO(applicationID=null, requestedAmount=100000, term=5, monthlyPayment=25709.245695674498230222690230499280019203447125194728116336191635727939504884938151487136284878899994333435182376134808132432256039788423046697858296981513646224164487444604370082716754705590839236424272969641316100830282508588318933839514100106571260824242615583798323497068861772596294318026128188176453470093237954140343933665041471500000, rate=0.09000000000000000166533453693773481063544750213623046875, isInsuranceEnabled=false, isSalaryClient=true), LoanOfferDTO(applicationID=null, requestedAmount=100000, term=5, monthlyPayment=24389.069444137406720078919875476096006380510726236665024186752748255595304451558708371807592974917979569814903437832783997597391980469765298316919469215421831141575992215583779928221200010449720913996553935102144449590149331868618482263220730948517036519184688450508588007948110705839180729697484118532168193557214215839033786170461368800000, rate=0.07000000000000000166533453693773481063544750213623046875, isInsuranceEnabled=true, isSalaryClient=true)]
2022-05-20 22:13:26 INFO  ConveyorController:86 - Got ScoringDataDTOtest test amount:100000 birthday :1992-05-20 term :5dependent amount0gender :MALE marital statusMARRIED
2022-05-20 22:13:26 INFO  ConveyorController:116 - Sended CreditDTO rate :0.08 psk :0E+54 amount: 100000montly payment:25045.645456700000
2022-05-20 22:13:26 INFO  ConveyorController:45 - Got LoanApplicationRequestDTO test test testamount: 100000 passport: 1234 123456birthday:2022-05-20
2022-05-20 22:13:26 ERROR ConveyorController:56 - Bad request.ERROR 400 
2022-05-20 22:14:18 INFO  ConveyorController:86 - Got ScoringDataDTOtest test amount:100000 birthday :1992-05-20 term :5dependent amount0gender :MALE marital statusMARRIED
2022-05-20 22:14:18 INFO  ConveyorController:116 - Sended CreditDTO rate :0.08 psk :0E+54 amount: 100000montly payment:25045.645456700000
2022-05-24 04:59:12 INFO  ConveyorController:86 - Got ScoringDataDTOtest test amount:100000 birthday :1992-05-24 term :5dependent amount0gender :MALE marital statusMARRIED
2022-05-24 04:59:12 INFO  ConveyorController:116 - Sended CreditDTO rate :0.08 psk :0E+54 amount: 100000montly payment:25045.645456700000
2022-05-24 04:59:12 INFO  ConveyorController:86 - Got ScoringDataDTOtest test amount:100000 birthday :1992-05-24 term :5dependent amount0gender :MALE marital statusMARRIED
2022-05-24 04:59:12 INFO  ConveyorController:116 - Sended CreditDTO rate :0.08 psk :0E+54 amount: 100000montly payment:25045.645456700000
2022-05-24 05:00:13 INFO  ConveyorController:86 - Got ScoringDataDTOtest test amount:100000 birthday :1992-05-24 term :5dependent amount0gender :MALE marital statusMARRIED
2022-05-24 05:00:13 INFO  ConveyorController:116 - Sended CreditDTO rate :0.08 psk :0E+54 amount: 100000montly payment:25045.645456700000
2022-05-24 05:02:36 INFO  ConveyorController:86 - Got ScoringDataDTOtest test amount:100000 birthday :1992-05-24 term :5dependent amount0gender :MALE marital statusMARRIED
2022-05-24 05:02:36 INFO  ConveyorController:116 - Sended CreditDTO rate :0.08 psk :0E+54 amount: 100000montly payment:25045.645456700000
2022-05-24 05:02:36 INFO  ConveyorController:45 - Got LoanApplicationRequestDTO test test testamount: 100000 passport: 1234 123456birthday:2022-05-24
2022-05-24 05:02:36 ERROR ConveyorController:56 - Bad request.ERROR 400 
2022-05-24 05:03:18 INFO  ConveyorController:86 - Got ScoringDataDTOtest test amount:100000 birthday :1992-05-24 term :5dependent amount0gender :MALE marital statusMARRIED
2022-05-24 05:03:18 INFO  ConveyorController:116 - Sended CreditDTO rate :0.08 psk :0E+54 amount: 100000montly payment:25045.645456700000
2022-05-24 05:03:18 INFO  ConveyorController:45 - Got LoanApplicationRequestDTO test test testamount: 100000 passport: 1234 123456birthday:2022-05-24
2022-05-24 05:03:18 INFO  ConveyorController:79 - Sended LoanOfferDTO [LoanOfferDTO(applicationID=null, requestedAmount=100000, term=5, monthlyPayment=24389.069444137406720078919875476096006380510726236665024186752748255595304451558708371807592974917979569814903437832783997597391980469765298316919469215421831141575992215583779928221200010449720913996553935102144449590149331868618482263220730948517036519184688450508588007948110705839180729697484118532168193557214215839033786170461368800000, rate=0.07000000000000000166533453693773481063544750213623046875, isInsuranceEnabled=true, isSalaryClient=false), LoanOfferDTO(applicationID=null, requestedAmount=100000, term=5, monthlyPayment=25709.245695674498230222690230499280019203447125194728116336191635727939504884938151487136284878899994333435182376134808132432256039788423046697858296981513646224164487444604370082716754705590839236424272969641316100830282508588318933839514100106571260824242615583798323497068861772596294318026128188176453470093237954140343933665041471500000, rate=0.09000000000000000166533453693773481063544750213623046875, isInsuranceEnabled=false, isSalaryClient=false), LoanOfferDTO(applicationID=null, requestedAmount=100000, term=5, monthlyPayment=25709.245695674498230222690230499280019203447125194728116336191635727939504884938151487136284878899994333435182376134808132432256039788423046697858296981513646224164487444604370082716754705590839236424272969641316100830282508588318933839514100106571260824242615583798323497068861772596294318026128188176453470093237954140343933665041471500000, rate=0.09000000000000000166533453693773481063544750213623046875, isInsuranceEnabled=false, isSalaryClient=true), LoanOfferDTO(applicationID=null, requestedAmount=100000, term=5, monthlyPayment=24389.069444137406720078919875476096006380510726236665024186752748255595304451558708371807592974917979569814903437832783997597391980469765298316919469215421831141575992215583779928221200010449720913996553935102144449590149331868618482263220730948517036519184688450508588007948110705839180729697484118532168193557214215839033786170461368800000, rate=0.07000000000000000166533453693773481063544750213623046875, isInsuranceEnabled=true, isSalaryClient=true)]
2022-05-24 05:51:13 INFO  ConveyorController:45 - Got LoanApplicationRequestDTO test test testamount: 100000 passport: 1234 123456birthday:2022-05-24
2022-05-24 05:51:13 INFO  ConveyorController:79 - Sended LoanOfferDTO [LoanOfferDTO(applicationID=null, requestedAmount=100000, term=5, monthlyPayment=24389.069444137406720078919875476096006380510726236665024186752748255595304451558708371807592974917979569814903437832783997597391980469765298316919469215421831141575992215583779928221200010449720913996553935102144449590149331868618482263220730948517036519184688450508588007948110705839180729697484118532168193557214215839033786170461368800000, rate=0.07000000000000000166533453693773481063544750213623046875, isInsuranceEnabled=true, isSalaryClient=false), LoanOfferDTO(applicationID=null, requestedAmount=100000, term=5, monthlyPayment=25709.245695674498230222690230499280019203447125194728116336191635727939504884938151487136284878899994333435182376134808132432256039788423046697858296981513646224164487444604370082716754705590839236424272969641316100830282508588318933839514100106571260824242615583798323497068861772596294318026128188176453470093237954140343933665041471500000, rate=0.09000000000000000166533453693773481063544750213623046875, isInsuranceEnabled=false, isSalaryClient=false), LoanOfferDTO(applicationID=null, requestedAmount=100000, term=5, monthlyPayment=25709.245695674498230222690230499280019203447125194728116336191635727939504884938151487136284878899994333435182376134808132432256039788423046697858296981513646224164487444604370082716754705590839236424272969641316100830282508588318933839514100106571260824242615583798323497068861772596294318026128188176453470093237954140343933665041471500000, rate=0.09000000000000000166533453693773481063544750213623046875, isInsuranceEnabled=false, isSalaryClient=true), LoanOfferDTO(applicationID=null, requestedAmount=100000, term=5, monthlyPayment=24389.069444137406720078919875476096006380510726236665024186752748255595304451558708371807592974917979569814903437832783997597391980469765298316919469215421831141575992215583779928221200010449720913996553935102144449590149331868618482263220730948517036519184688450508588007948110705839180729697484118532168193557214215839033786170461368800000, rate=0.07000000000000000166533453693773481063544750213623046875, isInsuranceEnabled=true, isSalaryClient=true)]
2022-05-24 05:55:56 INFO  ConveyorController:45 - Got LoanApplicationRequestDTO test test testamount: 100000 passport: 1234 123456birthday:2022-05-24
2022-05-24 05:55:56 INFO  ConveyorController:79 - Sended LoanOfferDTO [LoanOfferDTO(applicationID=null, requestedAmount=100000, term=5, monthlyPayment=24389.069444137406720078919875476096006380510726236665024186752748255595304451558708371807592974917979569814903437832783997597391980469765298316919469215421831141575992215583779928221200010449720913996553935102144449590149331868618482263220730948517036519184688450508588007948110705839180729697484118532168193557214215839033786170461368800000, rate=0.07000000000000000166533453693773481063544750213623046875, isInsuranceEnabled=true, isSalaryClient=false), LoanOfferDTO(applicationID=null, requestedAmount=100000, term=5, monthlyPayment=25709.245695674498230222690230499280019203447125194728116336191635727939504884938151487136284878899994333435182376134808132432256039788423046697858296981513646224164487444604370082716754705590839236424272969641316100830282508588318933839514100106571260824242615583798323497068861772596294318026128188176453470093237954140343933665041471500000, rate=0.09000000000000000166533453693773481063544750213623046875, isInsuranceEnabled=false, isSalaryClient=false), LoanOfferDTO(applicationID=null, requestedAmount=100000, term=5, monthlyPayment=25709.245695674498230222690230499280019203447125194728116336191635727939504884938151487136284878899994333435182376134808132432256039788423046697858296981513646224164487444604370082716754705590839236424272969641316100830282508588318933839514100106571260824242615583798323497068861772596294318026128188176453470093237954140343933665041471500000, rate=0.09000000000000000166533453693773481063544750213623046875, isInsuranceEnabled=false, isSalaryClient=true), LoanOfferDTO(applicationID=null, requestedAmount=100000, term=5, monthlyPayment=24389.069444137406720078919875476096006380510726236665024186752748255595304451558708371807592974917979569814903437832783997597391980469765298316919469215421831141575992215583779928221200010449720913996553935102144449590149331868618482263220730948517036519184688450508588007948110705839180729697484118532168193557214215839033786170461368800000, rate=0.07000000000000000166533453693773481063544750213623046875, isInsuranceEnabled=true, isSalaryClient=true)]
2022-05-24 05:58:33 INFO  ConveyorController:45 - Got LoanApplicationRequestDTO test test testamount: 100000 passport: 1234 123456birthday:2022-05-24
2022-05-24 05:58:33 INFO  ConveyorController:79 - Sended LoanOfferDTO [LoanOfferDTO(applicationID=null, requestedAmount=100000, term=5, monthlyPayment=24389.069444137406720078919875476096006380510726236665024186752748255595304451558708371807592974917979569814903437832783997597391980469765298316919469215421831141575992215583779928221200010449720913996553935102144449590149331868618482263220730948517036519184688450508588007948110705839180729697484118532168193557214215839033786170461368800000, rate=0.07000000000000000166533453693773481063544750213623046875, isInsuranceEnabled=true, isSalaryClient=false), LoanOfferDTO(applicationID=null, requestedAmount=100000, term=5, monthlyPayment=25709.245695674498230222690230499280019203447125194728116336191635727939504884938151487136284878899994333435182376134808132432256039788423046697858296981513646224164487444604370082716754705590839236424272969641316100830282508588318933839514100106571260824242615583798323497068861772596294318026128188176453470093237954140343933665041471500000, rate=0.09000000000000000166533453693773481063544750213623046875, isInsuranceEnabled=false, isSalaryClient=false), LoanOfferDTO(applicationID=null, requestedAmount=100000, term=5, monthlyPayment=25709.245695674498230222690230499280019203447125194728116336191635727939504884938151487136284878899994333435182376134808132432256039788423046697858296981513646224164487444604370082716754705590839236424272969641316100830282508588318933839514100106571260824242615583798323497068861772596294318026128188176453470093237954140343933665041471500000, rate=0.09000000000000000166533453693773481063544750213623046875, isInsuranceEnabled=false, isSalaryClient=true), LoanOfferDTO(applicationID=null, requestedAmount=100000, term=5, monthlyPayment=24389.069444137406720078919875476096006380510726236665024186752748255595304451558708371807592974917979569814903437832783997597391980469765298316919469215421831141575992215583779928221200010449720913996553935102144449590149331868618482263220730948517036519184688450508588007948110705839180729697484118532168193557214215839033786170461368800000, rate=0.07000000000000000166533453693773481063544750213623046875, isInsuranceEnabled=true, isSalaryClient=true)]
2022-05-24 06:01:45 INFO  ConveyorController:45 - Got LoanApplicationRequestDTO test test testamount: 100000 passport: 1234 123456birthday:2022-05-24
2022-05-24 06:01:45 INFO  ConveyorController:79 - Sended LoanOfferDTO [LoanOfferDTO(applicationID=null, requestedAmount=100000, term=5, monthlyPayment=24389.069444137406720078919875476096006380510726236665024186752748255595304451558708371807592974917979569814903437832783997597391980469765298316919469215421831141575992215583779928221200010449720913996553935102144449590149331868618482263220730948517036519184688450508588007948110705839180729697484118532168193557214215839033786170461368800000, rate=0.07000000000000000166533453693773481063544750213623046875, isInsuranceEnabled=true, isSalaryClient=false), LoanOfferDTO(applicationID=null, requestedAmount=100000, term=5, monthlyPayment=25709.245695674498230222690230499280019203447125194728116336191635727939504884938151487136284878899994333435182376134808132432256039788423046697858296981513646224164487444604370082716754705590839236424272969641316100830282508588318933839514100106571260824242615583798323497068861772596294318026128188176453470093237954140343933665041471500000, rate=0.09000000000000000166533453693773481063544750213623046875, isInsuranceEnabled=false, isSalaryClient=false), LoanOfferDTO(applicationID=null, requestedAmount=100000, term=5, monthlyPayment=25709.245695674498230222690230499280019203447125194728116336191635727939504884938151487136284878899994333435182376134808132432256039788423046697858296981513646224164487444604370082716754705590839236424272969641316100830282508588318933839514100106571260824242615583798323497068861772596294318026128188176453470093237954140343933665041471500000, rate=0.09000000000000000166533453693773481063544750213623046875, isInsuranceEnabled=false, isSalaryClient=true), LoanOfferDTO(applicationID=null, requestedAmount=100000, term=5, monthlyPayment=24389.069444137406720078919875476096006380510726236665024186752748255595304451558708371807592974917979569814903437832783997597391980469765298316919469215421831141575992215583779928221200010449720913996553935102144449590149331868618482263220730948517036519184688450508588007948110705839180729697484118532168193557214215839033786170461368800000, rate=0.07000000000000000166533453693773481063544750213623046875, isInsuranceEnabled=true, isSalaryClient=true)]
2022-05-24 06:11:57 INFO  ConveyorController:45 - Got LoanApplicationRequestDTO test test testamount: 100000 passport: 1234 123456birthday:2022-05-24
2022-05-24 06:11:57 INFO  ConveyorController:79 - Sended LoanOfferDTO [LoanOfferDTO(applicationID=null, requestedAmount=100000, term=5, monthlyPayment=24389.069444137406720078919875476096006380510726236665024186752748255595304451558708371807592974917979569814903437832783997597391980469765298316919469215421831141575992215583779928221200010449720913996553935102144449590149331868618482263220730948517036519184688450508588007948110705839180729697484118532168193557214215839033786170461368800000, rate=0.07000000000000000166533453693773481063544750213623046875, isInsuranceEnabled=true, isSalaryClient=false), LoanOfferDTO(applicationID=null, requestedAmount=100000, term=5, monthlyPayment=25709.245695674498230222690230499280019203447125194728116336191635727939504884938151487136284878899994333435182376134808132432256039788423046697858296981513646224164487444604370082716754705590839236424272969641316100830282508588318933839514100106571260824242615583798323497068861772596294318026128188176453470093237954140343933665041471500000, rate=0.09000000000000000166533453693773481063544750213623046875, isInsuranceEnabled=false, isSalaryClient=false), LoanOfferDTO(applicationID=null, requestedAmount=100000, term=5, monthlyPayment=25709.245695674498230222690230499280019203447125194728116336191635727939504884938151487136284878899994333435182376134808132432256039788423046697858296981513646224164487444604370082716754705590839236424272969641316100830282508588318933839514100106571260824242615583798323497068861772596294318026128188176453470093237954140343933665041471500000, rate=0.09000000000000000166533453693773481063544750213623046875, isInsuranceEnabled=false, isSalaryClient=true), LoanOfferDTO(applicationID=null, requestedAmount=100000, term=5, monthlyPayment=24389.069444137406720078919875476096006380510726236665024186752748255595304451558708371807592974917979569814903437832783997597391980469765298316919469215421831141575992215583779928221200010449720913996553935102144449590149331868618482263220730948517036519184688450508588007948110705839180729697484118532168193557214215839033786170461368800000, rate=0.07000000000000000166533453693773481063544750213623046875, isInsuranceEnabled=true, isSalaryClient=true)]
2022-05-24 06:14:03 INFO  ConveyorController:45 - Got LoanApplicationRequestDTO test test testamount: 100000 passport: 1234 123456birthday:2022-05-24
2022-05-24 06:14:03 INFO  ConveyorController:79 - Sended LoanOfferDTO [LoanOfferDTO(applicationID=null, requestedAmount=100000, term=5, monthlyPayment=24389.069444137406720078919875476096006380510726236665024186752748255595304451558708371807592974917979569814903437832783997597391980469765298316919469215421831141575992215583779928221200010449720913996553935102144449590149331868618482263220730948517036519184688450508588007948110705839180729697484118532168193557214215839033786170461368800000, rate=0.07000000000000000166533453693773481063544750213623046875, isInsuranceEnabled=true, isSalaryClient=false), LoanOfferDTO(applicationID=null, requestedAmount=100000, term=5, monthlyPayment=25709.245695674498230222690230499280019203447125194728116336191635727939504884938151487136284878899994333435182376134808132432256039788423046697858296981513646224164487444604370082716754705590839236424272969641316100830282508588318933839514100106571260824242615583798323497068861772596294318026128188176453470093237954140343933665041471500000, rate=0.09000000000000000166533453693773481063544750213623046875, isInsuranceEnabled=false, isSalaryClient=false), LoanOfferDTO(applicationID=null, requestedAmount=100000, term=5, monthlyPayment=25709.245695674498230222690230499280019203447125194728116336191635727939504884938151487136284878899994333435182376134808132432256039788423046697858296981513646224164487444604370082716754705590839236424272969641316100830282508588318933839514100106571260824242615583798323497068861772596294318026128188176453470093237954140343933665041471500000, rate=0.09000000000000000166533453693773481063544750213623046875, isInsuranceEnabled=false, isSalaryClient=true), LoanOfferDTO(applicationID=null, requestedAmount=100000, term=5, monthlyPayment=24389.069444137406720078919875476096006380510726236665024186752748255595304451558708371807592974917979569814903437832783997597391980469765298316919469215421831141575992215583779928221200010449720913996553935102144449590149331868618482263220730948517036519184688450508588007948110705839180729697484118532168193557214215839033786170461368800000, rate=0.07000000000000000166533453693773481063544750213623046875, isInsuranceEnabled=true, isSalaryClient=true)]
2022-05-24 10:41:23 INFO  ConveyorController:86 - Got ScoringDataDTOtest test amount:100000 birthday :2022-05-24 term :5dependent amountnullgender :null marital statusnull
2022-05-24 10:43:51 INFO  ConveyorController:86 - Got ScoringDataDTOtest test amount:100000 birthday :2022-05-24 term :5dependent amount0gender :null marital statusnull
2022-05-24 10:43:51 INFO  CalculationCredit:57 - DECLINED :TOO OLD OR TOO YOUNG
2022-05-24 10:51:26 INFO  ConveyorController:86 - Got ScoringDataDTOtest test amount:100000 birthday :2022-05-24 term :5dependent amount0gender :null marital statusnull
2022-05-24 10:51:26 INFO  ConveyorController:116 - Sended CreditDTO rate :0.08 psk :0E+54 amount: 100000montly payment:25045.645456700000
2022-05-24 10:53:33 INFO  ConveyorController:86 - Got ScoringDataDTOtest test amount:100000 birthday :2022-05-24 term :5dependent amount0gender :null marital statusnull
2022-05-24 10:53:33 INFO  ConveyorController:116 - Sended CreditDTO rate :0.08 psk :0E+54 amount: 100000montly payment:25045.645456700000
2022-05-26 05:15:17 INFO  ConveyorController:86 - Got ScoringDataDTOtest test amount:100000 birthday :2022-05-24 term :5dependent amount0gender :null marital statusnull
2022-05-26 05:15:17 INFO  ConveyorController:116 - Sended CreditDTO rate :0.08 psk :0E+54 amount: 100000montly payment:25045.645456700000
